<?xml version="1.0" encoding="UTF-8"?>
<testsuite xmlns:xsi="http://www.w3.org/2001/XMLSchema-instance" xsi:noNamespaceSchemaLocation="https://maven.apache.org/surefire/maven-surefire-plugin/xsd/surefire-test-report.xsd" name="com.moraydata.general.CloudPortalApplicationTest" time="0.022" tests="1" errors="0" skipped="0" failures="0">
  <properties>
    <property name="sun.desktop" value="windows"/>
    <property name="awt.toolkit" value="sun.awt.windows.WToolkit"/>
    <property name="file.encoding.pkg" value="sun.io"/>
    <property name="java.specification.version" value="1.8"/>
    <property name="sun.cpu.isalist" value="amd64"/>
    <property name="sun.jnu.encoding" value="GBK"/>
    <property name="java.class.path" value="D:\JianMingshu\Workspace\Workspace(STS)\cloud-portal\target\test-classes;D:\JianMingshu\Workspace\Workspace(STS)\cloud-portal\target\classes;D:\JianMingshu\Workspace\Maven_Repo\org\springframework\social\spring-social-config\1.1.6.RELEASE\spring-social-config-1.1.6.RELEASE.jar;D:\JianMingshu\Workspace\Maven_Repo\org\springframework\social\spring-social-web\1.1.6.RELEASE\spring-social-web-1.1.6.RELEASE.jar;D:\JianMingshu\Workspace\Maven_Repo\javax\inject\javax.inject\1\javax.inject-1.jar;D:\JianMingshu\Workspace\Maven_Repo\org\springframework\social\spring-social-core\1.1.6.RELEASE\spring-social-core-1.1.6.RELEASE.jar;D:\JianMingshu\Workspace\Maven_Repo\org\springframework\spring-web\5.0.4.RELEASE\spring-web-5.0.4.RELEASE.jar;D:\JianMingshu\Workspace\Maven_Repo\org\springframework\social\spring-social-security\1.1.6.RELEASE\spring-social-security-1.1.6.RELEASE.jar;D:\JianMingshu\Workspace\Maven_Repo\org\springframework\spring-webmvc\5.0.4.RELEASE\spring-webmvc-5.0.4.RELEASE.jar;D:\JianMingshu\Workspace\Maven_Repo\org\springframework\security\spring-security-web\5.0.3.RELEASE\spring-security-web-5.0.3.RELEASE.jar;D:\JianMingshu\Workspace\Maven_Repo\org\springframework\boot\spring-boot-starter-web\2.0.0.RELEASE\spring-boot-starter-web-2.0.0.RELEASE.jar;D:\JianMingshu\Workspace\Maven_Repo\org\springframework\boot\spring-boot-starter\2.0.0.RELEASE\spring-boot-starter-2.0.0.RELEASE.jar;D:\JianMingshu\Workspace\Maven_Repo\org\springframework\boot\spring-boot\2.0.0.RELEASE\spring-boot-2.0.0.RELEASE.jar;D:\JianMingshu\Workspace\Maven_Repo\org\springframework\boot\spring-boot-autoconfigure\2.0.0.RELEASE\spring-boot-autoconfigure-2.0.0.RELEASE.jar;D:\JianMingshu\Workspace\Maven_Repo\org\springframework\boot\spring-boot-starter-logging\2.0.0.RELEASE\spring-boot-starter-logging-2.0.0.RELEASE.jar;D:\JianMingshu\Workspace\Maven_Repo\ch\qos\logback\logback-classic\1.2.3\logback-classic-1.2.3.jar;D:\JianMingshu\Workspace\Maven_Repo\ch\qos\logback\logback-core\1.2.3\logback-core-1.2.3.jar;D:\JianMingshu\Workspace\Maven_Repo\org\apache\logging\log4j\log4j-to-slf4j\2.10.0\log4j-to-slf4j-2.10.0.jar;D:\JianMingshu\Workspace\Maven_Repo\org\apache\logging\log4j\log4j-api\2.10.0\log4j-api-2.10.0.jar;D:\JianMingshu\Workspace\Maven_Repo\org\slf4j\jul-to-slf4j\1.7.25\jul-to-slf4j-1.7.25.jar;D:\JianMingshu\Workspace\Maven_Repo\org\yaml\snakeyaml\1.19\snakeyaml-1.19.jar;D:\JianMingshu\Workspace\Maven_Repo\org\springframework\boot\spring-boot-starter-json\2.0.0.RELEASE\spring-boot-starter-json-2.0.0.RELEASE.jar;D:\JianMingshu\Workspace\Maven_Repo\com\fasterxml\jackson\core\jackson-databind\2.9.4\jackson-databind-2.9.4.jar;D:\JianMingshu\Workspace\Maven_Repo\com\fasterxml\jackson\core\jackson-core\2.9.4\jackson-core-2.9.4.jar;D:\JianMingshu\Workspace\Maven_Repo\com\fasterxml\jackson\datatype\jackson-datatype-jdk8\2.9.4\jackson-datatype-jdk8-2.9.4.jar;D:\JianMingshu\Workspace\Maven_Repo\com\fasterxml\jackson\datatype\jackson-datatype-jsr310\2.9.4\jackson-datatype-jsr310-2.9.4.jar;D:\JianMingshu\Workspace\Maven_Repo\com\fasterxml\jackson\module\jackson-module-parameter-names\2.9.4\jackson-module-parameter-names-2.9.4.jar;D:\JianMingshu\Workspace\Maven_Repo\org\hibernate\validator\hibernate-validator\6.0.7.Final\hibernate-validator-6.0.7.Final.jar;D:\JianMingshu\Workspace\Maven_Repo\javax\validation\validation-api\2.0.1.Final\validation-api-2.0.1.Final.jar;D:\JianMingshu\Workspace\Maven_Repo\org\jboss\logging\jboss-logging\3.3.2.Final\jboss-logging-3.3.2.Final.jar;D:\JianMingshu\Workspace\Maven_Repo\org\springframework\boot\spring-boot-configuration-processor\2.0.0.RELEASE\spring-boot-configuration-processor-2.0.0.RELEASE.jar;D:\JianMingshu\Workspace\Maven_Repo\org\springframework\boot\spring-boot-starter-tomcat\2.0.0.RELEASE\spring-boot-starter-tomcat-2.0.0.RELEASE.jar;D:\JianMingshu\Workspace\Maven_Repo\javax\annotation\javax.annotation-api\1.3.2\javax.annotation-api-1.3.2.jar;D:\JianMingshu\Workspace\Maven_Repo\org\apache\tomcat\embed\tomcat-embed-core\8.5.28\tomcat-embed-core-8.5.28.jar;D:\JianMingshu\Workspace\Maven_Repo\org\apache\tomcat\embed\tomcat-embed-el\8.5.28\tomcat-embed-el-8.5.28.jar;D:\JianMingshu\Workspace\Maven_Repo\org\apache\tomcat\embed\tomcat-embed-websocket\8.5.28\tomcat-embed-websocket-8.5.28.jar;D:\JianMingshu\Workspace\Maven_Repo\org\springframework\boot\spring-boot-starter-test\2.0.0.RELEASE\spring-boot-starter-test-2.0.0.RELEASE.jar;D:\JianMingshu\Workspace\Maven_Repo\org\springframework\boot\spring-boot-test\2.0.0.RELEASE\spring-boot-test-2.0.0.RELEASE.jar;D:\JianMingshu\Workspace\Maven_Repo\org\springframework\boot\spring-boot-test-autoconfigure\2.0.0.RELEASE\spring-boot-test-autoconfigure-2.0.0.RELEASE.jar;D:\JianMingshu\Workspace\Maven_Repo\com\jayway\jsonpath\json-path\2.4.0\json-path-2.4.0.jar;D:\JianMingshu\Workspace\Maven_Repo\net\minidev\json-smart\2.3\json-smart-2.3.jar;D:\JianMingshu\Workspace\Maven_Repo\net\minidev\accessors-smart\1.2\accessors-smart-1.2.jar;D:\JianMingshu\Workspace\Maven_Repo\org\ow2\asm\asm\5.0.4\asm-5.0.4.jar;D:\JianMingshu\Workspace\Maven_Repo\junit\junit\4.12\junit-4.12.jar;D:\JianMingshu\Workspace\Maven_Repo\org\assertj\assertj-core\3.9.1\assertj-core-3.9.1.jar;D:\JianMingshu\Workspace\Maven_Repo\org\mockito\mockito-core\2.15.0\mockito-core-2.15.0.jar;D:\JianMingshu\Workspace\Maven_Repo\net\bytebuddy\byte-buddy\1.7.10\byte-buddy-1.7.10.jar;D:\JianMingshu\Workspace\Maven_Repo\net\bytebuddy\byte-buddy-agent\1.7.10\byte-buddy-agent-1.7.10.jar;D:\JianMingshu\Workspace\Maven_Repo\org\objenesis\objenesis\2.6\objenesis-2.6.jar;D:\JianMingshu\Workspace\Maven_Repo\org\hamcrest\hamcrest-core\1.3\hamcrest-core-1.3.jar;D:\JianMingshu\Workspace\Maven_Repo\org\hamcrest\hamcrest-library\1.3\hamcrest-library-1.3.jar;D:\JianMingshu\Workspace\Maven_Repo\org\skyscreamer\jsonassert\1.5.0\jsonassert-1.5.0.jar;D:\JianMingshu\Workspace\Maven_Repo\com\vaadin\external\google\android-json\0.0.20131108.vaadin1\android-json-0.0.20131108.vaadin1.jar;D:\JianMingshu\Workspace\Maven_Repo\org\springframework\spring-core\5.0.4.RELEASE\spring-core-5.0.4.RELEASE.jar;D:\JianMingshu\Workspace\Maven_Repo\org\springframework\spring-jcl\5.0.4.RELEASE\spring-jcl-5.0.4.RELEASE.jar;D:\JianMingshu\Workspace\Maven_Repo\org\springframework\spring-test\5.0.4.RELEASE\spring-test-5.0.4.RELEASE.jar;D:\JianMingshu\Workspace\Maven_Repo\org\xmlunit\xmlunit-core\2.5.1\xmlunit-core-2.5.1.jar;D:\JianMingshu\Workspace\Maven_Repo\org\springframework\boot\spring-boot-starter-security\2.0.0.RELEASE\spring-boot-starter-security-2.0.0.RELEASE.jar;D:\JianMingshu\Workspace\Maven_Repo\org\springframework\spring-aop\5.0.4.RELEASE\spring-aop-5.0.4.RELEASE.jar;D:\JianMingshu\Workspace\Maven_Repo\org\springframework\security\spring-security-config\5.0.3.RELEASE\spring-security-config-5.0.3.RELEASE.jar;D:\JianMingshu\Workspace\Maven_Repo\org\springframework\security\spring-security-taglibs\5.0.3.RELEASE\spring-security-taglibs-5.0.3.RELEASE.jar;D:\JianMingshu\Workspace\Maven_Repo\org\springframework\security\spring-security-acl\5.0.3.RELEASE\spring-security-acl-5.0.3.RELEASE.jar;D:\JianMingshu\Workspace\Maven_Repo\org\springframework\spring-jdbc\5.0.4.RELEASE\spring-jdbc-5.0.4.RELEASE.jar;D:\JianMingshu\Workspace\Maven_Repo\org\springframework\spring-tx\5.0.4.RELEASE\spring-tx-5.0.4.RELEASE.jar;D:\JianMingshu\Workspace\Maven_Repo\org\springframework\security\spring-security-core\5.0.3.RELEASE\spring-security-core-5.0.3.RELEASE.jar;D:\JianMingshu\Workspace\Maven_Repo\org\springframework\spring-beans\5.0.4.RELEASE\spring-beans-5.0.4.RELEASE.jar;D:\JianMingshu\Workspace\Maven_Repo\org\springframework\spring-context\5.0.4.RELEASE\spring-context-5.0.4.RELEASE.jar;D:\JianMingshu\Workspace\Maven_Repo\org\springframework\spring-expression\5.0.4.RELEASE\spring-expression-5.0.4.RELEASE.jar;D:\JianMingshu\Workspace\Maven_Repo\org\springframework\spring-context-support\5.0.4.RELEASE\spring-context-support-5.0.4.RELEASE.jar;D:\JianMingshu\Workspace\Maven_Repo\org\springframework\boot\spring-boot-starter-thymeleaf\2.0.0.RELEASE\spring-boot-starter-thymeleaf-2.0.0.RELEASE.jar;D:\JianMingshu\Workspace\Maven_Repo\org\thymeleaf\thymeleaf-spring5\3.0.9.RELEASE\thymeleaf-spring5-3.0.9.RELEASE.jar;D:\JianMingshu\Workspace\Maven_Repo\org\thymeleaf\thymeleaf\3.0.9.RELEASE\thymeleaf-3.0.9.RELEASE.jar;D:\JianMingshu\Workspace\Maven_Repo\org\attoparser\attoparser\2.0.4.RELEASE\attoparser-2.0.4.RELEASE.jar;D:\JianMingshu\Workspace\Maven_Repo\org\unbescape\unbescape\1.1.5.RELEASE\unbescape-1.1.5.RELEASE.jar;D:\JianMingshu\Workspace\Maven_Repo\org\thymeleaf\extras\thymeleaf-extras-java8time\3.0.1.RELEASE\thymeleaf-extras-java8time-3.0.1.RELEASE.jar;D:\JianMingshu\Workspace\Maven_Repo\org\thymeleaf\extras\thymeleaf-extras-springsecurity4\3.0.2.RELEASE\thymeleaf-extras-springsecurity4-3.0.2.RELEASE.jar;D:\JianMingshu\Workspace\Maven_Repo\org\slf4j\slf4j-api\1.7.25\slf4j-api-1.7.25.jar;D:\JianMingshu\Workspace\Maven_Repo\org\springframework\boot\spring-boot-starter-data-jpa\2.0.0.RELEASE\spring-boot-starter-data-jpa-2.0.0.RELEASE.jar;D:\JianMingshu\Workspace\Maven_Repo\org\springframework\boot\spring-boot-starter-aop\2.0.0.RELEASE\spring-boot-starter-aop-2.0.0.RELEASE.jar;D:\JianMingshu\Workspace\Maven_Repo\org\aspectj\aspectjweaver\1.8.13\aspectjweaver-1.8.13.jar;D:\JianMingshu\Workspace\Maven_Repo\org\springframework\boot\spring-boot-starter-jdbc\2.0.0.RELEASE\spring-boot-starter-jdbc-2.0.0.RELEASE.jar;D:\JianMingshu\Workspace\Maven_Repo\org\hibernate\hibernate-core\5.2.14.Final\hibernate-core-5.2.14.Final.jar;D:\JianMingshu\Workspace\Maven_Repo\org\hibernate\javax\persistence\hibernate-jpa-2.1-api\1.0.0.Final\hibernate-jpa-2.1-api-1.0.0.Final.jar;D:\JianMingshu\Workspace\Maven_Repo\org\javassist\javassist\3.22.0-GA\javassist-3.22.0-GA.jar;D:\JianMingshu\Workspace\Maven_Repo\antlr\antlr\2.7.7\antlr-2.7.7.jar;D:\JianMingshu\Workspace\Maven_Repo\org\jboss\jandex\2.0.3.Final\jandex-2.0.3.Final.jar;D:\JianMingshu\Workspace\Maven_Repo\dom4j\dom4j\1.6.1\dom4j-1.6.1.jar;D:\JianMingshu\Workspace\Maven_Repo\org\hibernate\common\hibernate-commons-annotations\5.0.1.Final\hibernate-commons-annotations-5.0.1.Final.jar;D:\JianMingshu\Workspace\Maven_Repo\javax\transaction\javax.transaction-api\1.2\javax.transaction-api-1.2.jar;D:\JianMingshu\Workspace\Maven_Repo\org\springframework\data\spring-data-jpa\2.0.5.RELEASE\spring-data-jpa-2.0.5.RELEASE.jar;D:\JianMingshu\Workspace\Maven_Repo\org\springframework\data\spring-data-commons\2.0.5.RELEASE\spring-data-commons-2.0.5.RELEASE.jar;D:\JianMingshu\Workspace\Maven_Repo\org\springframework\spring-orm\5.0.4.RELEASE\spring-orm-5.0.4.RELEASE.jar;D:\JianMingshu\Workspace\Maven_Repo\org\springframework\spring-aspects\5.0.4.RELEASE\spring-aspects-5.0.4.RELEASE.jar;D:\JianMingshu\Workspace\Maven_Repo\com\querydsl\querydsl-apt\4.1.4\querydsl-apt-4.1.4.jar;D:\JianMingshu\Workspace\Maven_Repo\com\querydsl\querydsl-codegen\4.1.4\querydsl-codegen-4.1.4.jar;D:\JianMingshu\Workspace\Maven_Repo\com\mysema\codegen\codegen\0.6.8\codegen-0.6.8.jar;D:\JianMingshu\Workspace\Maven_Repo\org\eclipse\jdt\core\compiler\ecj\4.3.1\ecj-4.3.1.jar;D:\JianMingshu\Workspace\Maven_Repo\org\reflections\reflections\0.9.9\reflections-0.9.9.jar;D:\JianMingshu\Workspace\Maven_Repo\com\google\code\findbugs\annotations\2.0.1\annotations-2.0.1.jar;D:\JianMingshu\Workspace\Maven_Repo\javax\jdo\jdo-api\3.0.1\jdo-api-3.0.1.jar;D:\JianMingshu\Workspace\Maven_Repo\javax\transaction\jta\1.1\jta-1.1.jar;D:\JianMingshu\Workspace\Maven_Repo\com\querydsl\querydsl-jpa\4.1.4\querydsl-jpa-4.1.4.jar;D:\JianMingshu\Workspace\Maven_Repo\com\querydsl\querydsl-core\4.1.4\querydsl-core-4.1.4.jar;D:\JianMingshu\Workspace\Maven_Repo\com\google\code\findbugs\jsr305\1.3.9\jsr305-1.3.9.jar;D:\JianMingshu\Workspace\Maven_Repo\com\mysema\commons\mysema-commons-lang\0.2.4\mysema-commons-lang-0.2.4.jar;D:\JianMingshu\Workspace\Maven_Repo\com\infradna\tool\bridge-method-annotation\1.13\bridge-method-annotation-1.13.jar;D:\JianMingshu\Workspace\Maven_Repo\org\springframework\boot\spring-boot-starter-cache\2.0.0.RELEASE\spring-boot-starter-cache-2.0.0.RELEASE.jar;D:\JianMingshu\Workspace\Maven_Repo\net\sf\ehcache\ehcache\2.10.4\ehcache-2.10.4.jar;D:\JianMingshu\Workspace\Maven_Repo\mysql\mysql-connector-java\5.1.45\mysql-connector-java-5.1.45.jar;D:\JianMingshu\Workspace\Maven_Repo\com\zaxxer\HikariCP\2.7.8\HikariCP-2.7.8.jar;D:\JianMingshu\Workspace\Maven_Repo\io\springfox\springfox-swagger2\2.7.0\springfox-swagger2-2.7.0.jar;D:\JianMingshu\Workspace\Maven_Repo\io\swagger\swagger-annotations\1.5.13\swagger-annotations-1.5.13.jar;D:\JianMingshu\Workspace\Maven_Repo\io\swagger\swagger-models\1.5.13\swagger-models-1.5.13.jar;D:\JianMingshu\Workspace\Maven_Repo\com\fasterxml\jackson\core\jackson-annotations\2.9.0\jackson-annotations-2.9.0.jar;D:\JianMingshu\Workspace\Maven_Repo\io\springfox\springfox-spi\2.7.0\springfox-spi-2.7.0.jar;D:\JianMingshu\Workspace\Maven_Repo\io\springfox\springfox-core\2.7.0\springfox-core-2.7.0.jar;D:\JianMingshu\Workspace\Maven_Repo\io\springfox\springfox-schema\2.7.0\springfox-schema-2.7.0.jar;D:\JianMingshu\Workspace\Maven_Repo\io\springfox\springfox-swagger-common\2.7.0\springfox-swagger-common-2.7.0.jar;D:\JianMingshu\Workspace\Maven_Repo\io\springfox\springfox-spring-web\2.7.0\springfox-spring-web-2.7.0.jar;D:\JianMingshu\Workspace\Maven_Repo\com\google\guava\guava\18.0\guava-18.0.jar;D:\JianMingshu\Workspace\Maven_Repo\com\fasterxml\classmate\1.3.4\classmate-1.3.4.jar;D:\JianMingshu\Workspace\Maven_Repo\org\springframework\plugin\spring-plugin-core\1.2.0.RELEASE\spring-plugin-core-1.2.0.RELEASE.jar;D:\JianMingshu\Workspace\Maven_Repo\org\springframework\plugin\spring-plugin-metadata\1.2.0.RELEASE\spring-plugin-metadata-1.2.0.RELEASE.jar;D:\JianMingshu\Workspace\Maven_Repo\org\mapstruct\mapstruct\1.1.0.Final\mapstruct-1.1.0.Final.jar;D:\JianMingshu\Workspace\Maven_Repo\io\springfox\springfox-swagger-ui\2.7.0\springfox-swagger-ui-2.7.0.jar;D:\JianMingshu\Workspace\Maven_Repo\com\alibaba\fastjson\1.2.39\fastjson-1.2.39.jar;D:\JianMingshu\Workspace\Maven_Repo\org\projectlombok\lombok\1.16.20\lombok-1.16.20.jar;D:\JianMingshu\Workspace\Maven_Repo\org\apache\commons\commons-lang3\3.7\commons-lang3-3.7.jar;D:\JianMingshu\Workspace\Maven_Repo\commons-beanutils\commons-beanutils\1.9.3\commons-beanutils-1.9.3.jar;D:\JianMingshu\Workspace\Maven_Repo\commons-logging\commons-logging\1.2\commons-logging-1.2.jar;D:\JianMingshu\Workspace\Maven_Repo\commons-collections\commons-collections\3.2.2\commons-collections-3.2.2.jar;"/>
    <property name="java.vm.vendor" value="Oracle Corporation"/>
    <property name="sun.arch.data.model" value="64"/>
    <property name="user.variant" value=""/>
    <property name="java.vendor.url" value="http://java.oracle.com/"/>
    <property name="user.timezone" value=""/>
    <property name="java.vm.specification.version" value="1.8"/>
    <property name="os.name" value="Windows 10"/>
    <property name="user.country" value="CN"/>
    <property name="sun.java.launcher" value="SUN_STANDARD"/>
    <property name="sun.boot.library.path" value="D:\JianMingshu\Software\Java\jdk1.8.0_161\jre\bin"/>
    <property name="sun.java.command" value="C:\Users\ZX&apos;zxS\AppData\Local\Temp\surefire4013631059648232305\surefirebooter3803361120329009282.jar C:\Users\ZX&apos;zxS\AppData\Local\Temp\surefire4013631059648232305 2018-03-26T09-58-11_862-jvmRun1 surefire6975199728796584721tmp surefire_0474341018936100465tmp"/>
    <property name="surefire.test.class.path" value="D:\JianMingshu\Workspace\Workspace(STS)\cloud-portal\target\test-classes;D:\JianMingshu\Workspace\Workspace(STS)\cloud-portal\target\classes;D:\JianMingshu\Workspace\Maven_Repo\org\springframework\social\spring-social-config\1.1.6.RELEASE\spring-social-config-1.1.6.RELEASE.jar;D:\JianMingshu\Workspace\Maven_Repo\org\springframework\social\spring-social-web\1.1.6.RELEASE\spring-social-web-1.1.6.RELEASE.jar;D:\JianMingshu\Workspace\Maven_Repo\javax\inject\javax.inject\1\javax.inject-1.jar;D:\JianMingshu\Workspace\Maven_Repo\org\springframework\social\spring-social-core\1.1.6.RELEASE\spring-social-core-1.1.6.RELEASE.jar;D:\JianMingshu\Workspace\Maven_Repo\org\springframework\spring-web\5.0.4.RELEASE\spring-web-5.0.4.RELEASE.jar;D:\JianMingshu\Workspace\Maven_Repo\org\springframework\social\spring-social-security\1.1.6.RELEASE\spring-social-security-1.1.6.RELEASE.jar;D:\JianMingshu\Workspace\Maven_Repo\org\springframework\spring-webmvc\5.0.4.RELEASE\spring-webmvc-5.0.4.RELEASE.jar;D:\JianMingshu\Workspace\Maven_Repo\org\springframework\security\spring-security-web\5.0.3.RELEASE\spring-security-web-5.0.3.RELEASE.jar;D:\JianMingshu\Workspace\Maven_Repo\org\springframework\boot\spring-boot-starter-web\2.0.0.RELEASE\spring-boot-starter-web-2.0.0.RELEASE.jar;D:\JianMingshu\Workspace\Maven_Repo\org\springframework\boot\spring-boot-starter\2.0.0.RELEASE\spring-boot-starter-2.0.0.RELEASE.jar;D:\JianMingshu\Workspace\Maven_Repo\org\springframework\boot\spring-boot\2.0.0.RELEASE\spring-boot-2.0.0.RELEASE.jar;D:\JianMingshu\Workspace\Maven_Repo\org\springframework\boot\spring-boot-autoconfigure\2.0.0.RELEASE\spring-boot-autoconfigure-2.0.0.RELEASE.jar;D:\JianMingshu\Workspace\Maven_Repo\org\springframework\boot\spring-boot-starter-logging\2.0.0.RELEASE\spring-boot-starter-logging-2.0.0.RELEASE.jar;D:\JianMingshu\Workspace\Maven_Repo\ch\qos\logback\logback-classic\1.2.3\logback-classic-1.2.3.jar;D:\JianMingshu\Workspace\Maven_Repo\ch\qos\logback\logback-core\1.2.3\logback-core-1.2.3.jar;D:\JianMingshu\Workspace\Maven_Repo\org\apache\logging\log4j\log4j-to-slf4j\2.10.0\log4j-to-slf4j-2.10.0.jar;D:\JianMingshu\Workspace\Maven_Repo\org\apache\logging\log4j\log4j-api\2.10.0\log4j-api-2.10.0.jar;D:\JianMingshu\Workspace\Maven_Repo\org\slf4j\jul-to-slf4j\1.7.25\jul-to-slf4j-1.7.25.jar;D:\JianMingshu\Workspace\Maven_Repo\org\yaml\snakeyaml\1.19\snakeyaml-1.19.jar;D:\JianMingshu\Workspace\Maven_Repo\org\springframework\boot\spring-boot-starter-json\2.0.0.RELEASE\spring-boot-starter-json-2.0.0.RELEASE.jar;D:\JianMingshu\Workspace\Maven_Repo\com\fasterxml\jackson\core\jackson-databind\2.9.4\jackson-databind-2.9.4.jar;D:\JianMingshu\Workspace\Maven_Repo\com\fasterxml\jackson\core\jackson-core\2.9.4\jackson-core-2.9.4.jar;D:\JianMingshu\Workspace\Maven_Repo\com\fasterxml\jackson\datatype\jackson-datatype-jdk8\2.9.4\jackson-datatype-jdk8-2.9.4.jar;D:\JianMingshu\Workspace\Maven_Repo\com\fasterxml\jackson\datatype\jackson-datatype-jsr310\2.9.4\jackson-datatype-jsr310-2.9.4.jar;D:\JianMingshu\Workspace\Maven_Repo\com\fasterxml\jackson\module\jackson-module-parameter-names\2.9.4\jackson-module-parameter-names-2.9.4.jar;D:\JianMingshu\Workspace\Maven_Repo\org\hibernate\validator\hibernate-validator\6.0.7.Final\hibernate-validator-6.0.7.Final.jar;D:\JianMingshu\Workspace\Maven_Repo\javax\validation\validation-api\2.0.1.Final\validation-api-2.0.1.Final.jar;D:\JianMingshu\Workspace\Maven_Repo\org\jboss\logging\jboss-logging\3.3.2.Final\jboss-logging-3.3.2.Final.jar;D:\JianMingshu\Workspace\Maven_Repo\org\springframework\boot\spring-boot-configuration-processor\2.0.0.RELEASE\spring-boot-configuration-processor-2.0.0.RELEASE.jar;D:\JianMingshu\Workspace\Maven_Repo\org\springframework\boot\spring-boot-starter-tomcat\2.0.0.RELEASE\spring-boot-starter-tomcat-2.0.0.RELEASE.jar;D:\JianMingshu\Workspace\Maven_Repo\javax\annotation\javax.annotation-api\1.3.2\javax.annotation-api-1.3.2.jar;D:\JianMingshu\Workspace\Maven_Repo\org\apache\tomcat\embed\tomcat-embed-core\8.5.28\tomcat-embed-core-8.5.28.jar;D:\JianMingshu\Workspace\Maven_Repo\org\apache\tomcat\embed\tomcat-embed-el\8.5.28\tomcat-embed-el-8.5.28.jar;D:\JianMingshu\Workspace\Maven_Repo\org\apache\tomcat\embed\tomcat-embed-websocket\8.5.28\tomcat-embed-websocket-8.5.28.jar;D:\JianMingshu\Workspace\Maven_Repo\org\springframework\boot\spring-boot-starter-test\2.0.0.RELEASE\spring-boot-starter-test-2.0.0.RELEASE.jar;D:\JianMingshu\Workspace\Maven_Repo\org\springframework\boot\spring-boot-test\2.0.0.RELEASE\spring-boot-test-2.0.0.RELEASE.jar;D:\JianMingshu\Workspace\Maven_Repo\org\springframework\boot\spring-boot-test-autoconfigure\2.0.0.RELEASE\spring-boot-test-autoconfigure-2.0.0.RELEASE.jar;D:\JianMingshu\Workspace\Maven_Repo\com\jayway\jsonpath\json-path\2.4.0\json-path-2.4.0.jar;D:\JianMingshu\Workspace\Maven_Repo\net\minidev\json-smart\2.3\json-smart-2.3.jar;D:\JianMingshu\Workspace\Maven_Repo\net\minidev\accessors-smart\1.2\accessors-smart-1.2.jar;D:\JianMingshu\Workspace\Maven_Repo\org\ow2\asm\asm\5.0.4\asm-5.0.4.jar;D:\JianMingshu\Workspace\Maven_Repo\junit\junit\4.12\junit-4.12.jar;D:\JianMingshu\Workspace\Maven_Repo\org\assertj\assertj-core\3.9.1\assertj-core-3.9.1.jar;D:\JianMingshu\Workspace\Maven_Repo\org\mockito\mockito-core\2.15.0\mockito-core-2.15.0.jar;D:\JianMingshu\Workspace\Maven_Repo\net\bytebuddy\byte-buddy\1.7.10\byte-buddy-1.7.10.jar;D:\JianMingshu\Workspace\Maven_Repo\net\bytebuddy\byte-buddy-agent\1.7.10\byte-buddy-agent-1.7.10.jar;D:\JianMingshu\Workspace\Maven_Repo\org\objenesis\objenesis\2.6\objenesis-2.6.jar;D:\JianMingshu\Workspace\Maven_Repo\org\hamcrest\hamcrest-core\1.3\hamcrest-core-1.3.jar;D:\JianMingshu\Workspace\Maven_Repo\org\hamcrest\hamcrest-library\1.3\hamcrest-library-1.3.jar;D:\JianMingshu\Workspace\Maven_Repo\org\skyscreamer\jsonassert\1.5.0\jsonassert-1.5.0.jar;D:\JianMingshu\Workspace\Maven_Repo\com\vaadin\external\google\android-json\0.0.20131108.vaadin1\android-json-0.0.20131108.vaadin1.jar;D:\JianMingshu\Workspace\Maven_Repo\org\springframework\spring-core\5.0.4.RELEASE\spring-core-5.0.4.RELEASE.jar;D:\JianMingshu\Workspace\Maven_Repo\org\springframework\spring-jcl\5.0.4.RELEASE\spring-jcl-5.0.4.RELEASE.jar;D:\JianMingshu\Workspace\Maven_Repo\org\springframework\spring-test\5.0.4.RELEASE\spring-test-5.0.4.RELEASE.jar;D:\JianMingshu\Workspace\Maven_Repo\org\xmlunit\xmlunit-core\2.5.1\xmlunit-core-2.5.1.jar;D:\JianMingshu\Workspace\Maven_Repo\org\springframework\boot\spring-boot-starter-security\2.0.0.RELEASE\spring-boot-starter-security-2.0.0.RELEASE.jar;D:\JianMingshu\Workspace\Maven_Repo\org\springframework\spring-aop\5.0.4.RELEASE\spring-aop-5.0.4.RELEASE.jar;D:\JianMingshu\Workspace\Maven_Repo\org\springframework\security\spring-security-config\5.0.3.RELEASE\spring-security-config-5.0.3.RELEASE.jar;D:\JianMingshu\Workspace\Maven_Repo\org\springframework\security\spring-security-taglibs\5.0.3.RELEASE\spring-security-taglibs-5.0.3.RELEASE.jar;D:\JianMingshu\Workspace\Maven_Repo\org\springframework\security\spring-security-acl\5.0.3.RELEASE\spring-security-acl-5.0.3.RELEASE.jar;D:\JianMingshu\Workspace\Maven_Repo\org\springframework\spring-jdbc\5.0.4.RELEASE\spring-jdbc-5.0.4.RELEASE.jar;D:\JianMingshu\Workspace\Maven_Repo\org\springframework\spring-tx\5.0.4.RELEASE\spring-tx-5.0.4.RELEASE.jar;D:\JianMingshu\Workspace\Maven_Repo\org\springframework\security\spring-security-core\5.0.3.RELEASE\spring-security-core-5.0.3.RELEASE.jar;D:\JianMingshu\Workspace\Maven_Repo\org\springframework\spring-beans\5.0.4.RELEASE\spring-beans-5.0.4.RELEASE.jar;D:\JianMingshu\Workspace\Maven_Repo\org\springframework\spring-context\5.0.4.RELEASE\spring-context-5.0.4.RELEASE.jar;D:\JianMingshu\Workspace\Maven_Repo\org\springframework\spring-expression\5.0.4.RELEASE\spring-expression-5.0.4.RELEASE.jar;D:\JianMingshu\Workspace\Maven_Repo\org\springframework\spring-context-support\5.0.4.RELEASE\spring-context-support-5.0.4.RELEASE.jar;D:\JianMingshu\Workspace\Maven_Repo\org\springframework\boot\spring-boot-starter-thymeleaf\2.0.0.RELEASE\spring-boot-starter-thymeleaf-2.0.0.RELEASE.jar;D:\JianMingshu\Workspace\Maven_Repo\org\thymeleaf\thymeleaf-spring5\3.0.9.RELEASE\thymeleaf-spring5-3.0.9.RELEASE.jar;D:\JianMingshu\Workspace\Maven_Repo\org\thymeleaf\thymeleaf\3.0.9.RELEASE\thymeleaf-3.0.9.RELEASE.jar;D:\JianMingshu\Workspace\Maven_Repo\org\attoparser\attoparser\2.0.4.RELEASE\attoparser-2.0.4.RELEASE.jar;D:\JianMingshu\Workspace\Maven_Repo\org\unbescape\unbescape\1.1.5.RELEASE\unbescape-1.1.5.RELEASE.jar;D:\JianMingshu\Workspace\Maven_Repo\org\thymeleaf\extras\thymeleaf-extras-java8time\3.0.1.RELEASE\thymeleaf-extras-java8time-3.0.1.RELEASE.jar;D:\JianMingshu\Workspace\Maven_Repo\org\thymeleaf\extras\thymeleaf-extras-springsecurity4\3.0.2.RELEASE\thymeleaf-extras-springsecurity4-3.0.2.RELEASE.jar;D:\JianMingshu\Workspace\Maven_Repo\org\slf4j\slf4j-api\1.7.25\slf4j-api-1.7.25.jar;D:\JianMingshu\Workspace\Maven_Repo\org\springframework\boot\spring-boot-starter-data-jpa\2.0.0.RELEASE\spring-boot-starter-data-jpa-2.0.0.RELEASE.jar;D:\JianMingshu\Workspace\Maven_Repo\org\springframework\boot\spring-boot-starter-aop\2.0.0.RELEASE\spring-boot-starter-aop-2.0.0.RELEASE.jar;D:\JianMingshu\Workspace\Maven_Repo\org\aspectj\aspectjweaver\1.8.13\aspectjweaver-1.8.13.jar;D:\JianMingshu\Workspace\Maven_Repo\org\springframework\boot\spring-boot-starter-jdbc\2.0.0.RELEASE\spring-boot-starter-jdbc-2.0.0.RELEASE.jar;D:\JianMingshu\Workspace\Maven_Repo\org\hibernate\hibernate-core\5.2.14.Final\hibernate-core-5.2.14.Final.jar;D:\JianMingshu\Workspace\Maven_Repo\org\hibernate\javax\persistence\hibernate-jpa-2.1-api\1.0.0.Final\hibernate-jpa-2.1-api-1.0.0.Final.jar;D:\JianMingshu\Workspace\Maven_Repo\org\javassist\javassist\3.22.0-GA\javassist-3.22.0-GA.jar;D:\JianMingshu\Workspace\Maven_Repo\antlr\antlr\2.7.7\antlr-2.7.7.jar;D:\JianMingshu\Workspace\Maven_Repo\org\jboss\jandex\2.0.3.Final\jandex-2.0.3.Final.jar;D:\JianMingshu\Workspace\Maven_Repo\dom4j\dom4j\1.6.1\dom4j-1.6.1.jar;D:\JianMingshu\Workspace\Maven_Repo\org\hibernate\common\hibernate-commons-annotations\5.0.1.Final\hibernate-commons-annotations-5.0.1.Final.jar;D:\JianMingshu\Workspace\Maven_Repo\javax\transaction\javax.transaction-api\1.2\javax.transaction-api-1.2.jar;D:\JianMingshu\Workspace\Maven_Repo\org\springframework\data\spring-data-jpa\2.0.5.RELEASE\spring-data-jpa-2.0.5.RELEASE.jar;D:\JianMingshu\Workspace\Maven_Repo\org\springframework\data\spring-data-commons\2.0.5.RELEASE\spring-data-commons-2.0.5.RELEASE.jar;D:\JianMingshu\Workspace\Maven_Repo\org\springframework\spring-orm\5.0.4.RELEASE\spring-orm-5.0.4.RELEASE.jar;D:\JianMingshu\Workspace\Maven_Repo\org\springframework\spring-aspects\5.0.4.RELEASE\spring-aspects-5.0.4.RELEASE.jar;D:\JianMingshu\Workspace\Maven_Repo\com\querydsl\querydsl-apt\4.1.4\querydsl-apt-4.1.4.jar;D:\JianMingshu\Workspace\Maven_Repo\com\querydsl\querydsl-codegen\4.1.4\querydsl-codegen-4.1.4.jar;D:\JianMingshu\Workspace\Maven_Repo\com\mysema\codegen\codegen\0.6.8\codegen-0.6.8.jar;D:\JianMingshu\Workspace\Maven_Repo\org\eclipse\jdt\core\compiler\ecj\4.3.1\ecj-4.3.1.jar;D:\JianMingshu\Workspace\Maven_Repo\org\reflections\reflections\0.9.9\reflections-0.9.9.jar;D:\JianMingshu\Workspace\Maven_Repo\com\google\code\findbugs\annotations\2.0.1\annotations-2.0.1.jar;D:\JianMingshu\Workspace\Maven_Repo\javax\jdo\jdo-api\3.0.1\jdo-api-3.0.1.jar;D:\JianMingshu\Workspace\Maven_Repo\javax\transaction\jta\1.1\jta-1.1.jar;D:\JianMingshu\Workspace\Maven_Repo\com\querydsl\querydsl-jpa\4.1.4\querydsl-jpa-4.1.4.jar;D:\JianMingshu\Workspace\Maven_Repo\com\querydsl\querydsl-core\4.1.4\querydsl-core-4.1.4.jar;D:\JianMingshu\Workspace\Maven_Repo\com\google\code\findbugs\jsr305\1.3.9\jsr305-1.3.9.jar;D:\JianMingshu\Workspace\Maven_Repo\com\mysema\commons\mysema-commons-lang\0.2.4\mysema-commons-lang-0.2.4.jar;D:\JianMingshu\Workspace\Maven_Repo\com\infradna\tool\bridge-method-annotation\1.13\bridge-method-annotation-1.13.jar;D:\JianMingshu\Workspace\Maven_Repo\org\springframework\boot\spring-boot-starter-cache\2.0.0.RELEASE\spring-boot-starter-cache-2.0.0.RELEASE.jar;D:\JianMingshu\Workspace\Maven_Repo\net\sf\ehcache\ehcache\2.10.4\ehcache-2.10.4.jar;D:\JianMingshu\Workspace\Maven_Repo\mysql\mysql-connector-java\5.1.45\mysql-connector-java-5.1.45.jar;D:\JianMingshu\Workspace\Maven_Repo\com\zaxxer\HikariCP\2.7.8\HikariCP-2.7.8.jar;D:\JianMingshu\Workspace\Maven_Repo\io\springfox\springfox-swagger2\2.7.0\springfox-swagger2-2.7.0.jar;D:\JianMingshu\Workspace\Maven_Repo\io\swagger\swagger-annotations\1.5.13\swagger-annotations-1.5.13.jar;D:\JianMingshu\Workspace\Maven_Repo\io\swagger\swagger-models\1.5.13\swagger-models-1.5.13.jar;D:\JianMingshu\Workspace\Maven_Repo\com\fasterxml\jackson\core\jackson-annotations\2.9.0\jackson-annotations-2.9.0.jar;D:\JianMingshu\Workspace\Maven_Repo\io\springfox\springfox-spi\2.7.0\springfox-spi-2.7.0.jar;D:\JianMingshu\Workspace\Maven_Repo\io\springfox\springfox-core\2.7.0\springfox-core-2.7.0.jar;D:\JianMingshu\Workspace\Maven_Repo\io\springfox\springfox-schema\2.7.0\springfox-schema-2.7.0.jar;D:\JianMingshu\Workspace\Maven_Repo\io\springfox\springfox-swagger-common\2.7.0\springfox-swagger-common-2.7.0.jar;D:\JianMingshu\Workspace\Maven_Repo\io\springfox\springfox-spring-web\2.7.0\springfox-spring-web-2.7.0.jar;D:\JianMingshu\Workspace\Maven_Repo\com\google\guava\guava\18.0\guava-18.0.jar;D:\JianMingshu\Workspace\Maven_Repo\com\fasterxml\classmate\1.3.4\classmate-1.3.4.jar;D:\JianMingshu\Workspace\Maven_Repo\org\springframework\plugin\spring-plugin-core\1.2.0.RELEASE\spring-plugin-core-1.2.0.RELEASE.jar;D:\JianMingshu\Workspace\Maven_Repo\org\springframework\plugin\spring-plugin-metadata\1.2.0.RELEASE\spring-plugin-metadata-1.2.0.RELEASE.jar;D:\JianMingshu\Workspace\Maven_Repo\org\mapstruct\mapstruct\1.1.0.Final\mapstruct-1.1.0.Final.jar;D:\JianMingshu\Workspace\Maven_Repo\io\springfox\springfox-swagger-ui\2.7.0\springfox-swagger-ui-2.7.0.jar;D:\JianMingshu\Workspace\Maven_Repo\com\alibaba\fastjson\1.2.39\fastjson-1.2.39.jar;D:\JianMingshu\Workspace\Maven_Repo\org\projectlombok\lombok\1.16.20\lombok-1.16.20.jar;D:\JianMingshu\Workspace\Maven_Repo\org\apache\commons\commons-lang3\3.7\commons-lang3-3.7.jar;D:\JianMingshu\Workspace\Maven_Repo\commons-beanutils\commons-beanutils\1.9.3\commons-beanutils-1.9.3.jar;D:\JianMingshu\Workspace\Maven_Repo\commons-logging\commons-logging\1.2\commons-logging-1.2.jar;D:\JianMingshu\Workspace\Maven_Repo\commons-collections\commons-collections\3.2.2\commons-collections-3.2.2.jar;"/>
    <property name="sun.cpu.endian" value="little"/>
    <property name="user.home" value="C:\Users\ZX&apos;zxS"/>
    <property name="user.language" value="zh"/>
    <property name="java.specification.vendor" value="Oracle Corporation"/>
    <property name="java.home" value="D:\JianMingshu\Software\Java\jdk1.8.0_161\jre"/>
    <property name="basedir" value="D:\JianMingshu\Workspace\Workspace(STS)\cloud-portal"/>
    <property name="file.separator" value="\"/>
    <property name="line.separator" value="&#10;"/>
    <property name="java.vm.specification.vendor" value="Oracle Corporation"/>
    <property name="java.specification.name" value="Java Platform API Specification"/>
    <property name="java.awt.graphicsenv" value="sun.awt.Win32GraphicsEnvironment"/>
    <property name="surefire.real.class.path" value="C:\Users\ZX&apos;zxS\AppData\Local\Temp\surefire4013631059648232305\surefirebooter3803361120329009282.jar"/>
    <property name="sun.boot.class.path" value="D:\JianMingshu\Software\Java\jdk1.8.0_161\jre\lib\resources.jar;D:\JianMingshu\Software\Java\jdk1.8.0_161\jre\lib\rt.jar;D:\JianMingshu\Software\Java\jdk1.8.0_161\jre\lib\sunrsasign.jar;D:\JianMingshu\Software\Java\jdk1.8.0_161\jre\lib\jsse.jar;D:\JianMingshu\Software\Java\jdk1.8.0_161\jre\lib\jce.jar;D:\JianMingshu\Software\Java\jdk1.8.0_161\jre\lib\charsets.jar;D:\JianMingshu\Software\Java\jdk1.8.0_161\jre\lib\jfr.jar;D:\JianMingshu\Software\Java\jdk1.8.0_161\jre\classes"/>
    <property name="user.script" value=""/>
    <property name="sun.management.compiler" value="HotSpot 64-Bit Tiered Compilers"/>
    <property name="java.runtime.version" value="1.8.0_161-b12"/>
    <property name="user.name" value="ZX&apos;zxS"/>
    <property name="path.separator" value=";"/>
    <property name="os.version" value="10.0"/>
    <property name="java.endorsed.dirs" value="D:\JianMingshu\Software\Java\jdk1.8.0_161\jre\lib\endorsed"/>
    <property name="java.runtime.name" value="Java(TM) SE Runtime Environment"/>
    <property name="file.encoding" value="GBK"/>
    <property name="java.vm.name" value="Java HotSpot(TM) 64-Bit Server VM"/>
    <property name="localRepository" value="D:\JianMingshu\Workspace\Maven_Repo"/>
    <property name="java.vendor.url.bug" value="http://bugreport.sun.com/bugreport/"/>
    <property name="java.io.tmpdir" value="C:\Users\ZX&apos;zxS\AppData\Local\Temp\"/>
    <property name="java.version" value="1.8.0_161"/>
    <property name="user.dir" value="D:\JianMingshu\Workspace\Workspace(STS)\cloud-portal"/>
    <property name="os.arch" value="amd64"/>
    <property name="java.vm.specification.name" value="Java Virtual Machine Specification"/>
    <property name="java.awt.printerjob" value="sun.awt.windows.WPrinterJob"/>
    <property name="sun.os.patch.level" value=""/>
    <property name="java.library.path" value="D:\JianMingshu\Software\Java\jdk1.8.0_161\jre\bin;C:\Windows\Sun\Java\bin;C:\Windows\system32;C:\Windows;D:\JianMingshu\Software\Java\jdk1.8.0_161\jre\bin;D:/JianMingshu/Software/sts-3.9.2.RELEASE/jre/bin/server;D:/JianMingshu/Software/sts-3.9.2.RELEASE/jre/bin;D:/JianMingshu/Software/sts-3.9.2.RELEASE/jre/lib/amd64;C:\ProgramData\Oracle\Java\javapath;C:\Program Files (x86)\Intel\iCLS Client\;C:\Program Files\Intel\iCLS Client\;C:\Windows\system32;C:\Windows;C:\Windows\System32\Wbem;C:\Windows\System32\WindowsPowerShell\v1.0\;C:\Program Files (x86)\NVIDIA Corporation\PhysX\Common;C:\Program Files (x86)\Intel\Intel(R) Management Engine Components\DAL;C:\Program Files\Intel\Intel(R) Management Engine Components\DAL;C:\Program Files (x86)\Intel\Intel(R) Management Engine Components\IPT;C:\Program Files\Intel\Intel(R) Management Engine Components\IPT;D:\JianMingshu\Software\Java\jdk1.8.0_161\bin;C:\Program Files\TortoiseSVN\bin;D:\JianMingshu\Software\apache-maven-3.5.3\bin;D:\JianMingshu\Software\apache-maven-3.5.3\bin\;d:\JianMingshu\Software\OpenSSH\bin;d:\JianMingshu\Software\Git\cmd;C:\Program Files\MySQL\MySQL Utilities 1.6\;C:\Users\ZX&apos;zxS\AppData\Local\Microsoft\WindowsApps;;D:\JianMingshu\Software\sts-3.9.2.RELEASE;;."/>
    <property name="java.vm.info" value="mixed mode"/>
    <property name="java.vendor" value="Oracle Corporation"/>
    <property name="java.vm.version" value="25.161-b12"/>
    <property name="java.ext.dirs" value="D:\JianMingshu\Software\Java\jdk1.8.0_161\jre\lib\ext;C:\Windows\Sun\Java\lib\ext"/>
    <property name="sun.io.unicode.encoding" value="UnicodeLittle"/>
    <property name="java.class.version" value="52.0"/>
  </properties>
  <testcase name="testApp" classname="com.moraydata.general.CloudPortalApplicationTest" time="0.001"/>
</testsuite>